[debug] [2025-07-15T03:02:06.734Z] ----------------------------------------------------------------------
[debug] [2025-07-15T03:02:06.735Z] Command:       C:\Users\oscar\.nvm\versions\node\v22.17.0\bin\node.exe C:\Users\oscar\.nvm\versions\node\v22.17.0\bin\node_modules\firebase-tools\lib\bin\firebase.js init functions
[debug] [2025-07-15T03:02:06.736Z] CLI Version:   14.9.0
[debug] [2025-07-15T03:02:06.736Z] Platform:      win32
[debug] [2025-07-15T03:02:06.736Z] Node Version:  v22.17.0
[debug] [2025-07-15T03:02:06.736Z] Time:          Mon Jul 14 2025 22:02:06 GMT-0500 (Central Daylight Time)
[debug] [2025-07-15T03:02:06.736Z] ----------------------------------------------------------------------
[debug] 
[debug] [2025-07-15T03:02:06.838Z] > command requires scopes: ["email","openid","https://www.googleapis.com/auth/cloudplatformprojects.readonly","https://www.googleapis.com/auth/firebase","https://www.googleapis.com/auth/cloud-platform"]
[debug] [2025-07-15T03:02:06.839Z] > authorizing via signed-in user (oscaramallen@gmail.com)
[info] 
     ######## #### ########  ######## ########     ###     ######  ########
     ##        ##  ##     ## ##       ##     ##  ##   ##  ##       ##
     ######    ##  ########  ######   ########  #########  ######  ######
     ##        ##  ##    ##  ##       ##     ## ##     ##       ## ##
     ##       #### ##     ## ######## ########  ##     ##  ######  ########

You're about to initialize a Firebase project in this directory:

  C:\Users\oscar\Documents\OMX\accis

Before we get started, keep in mind:

  * You are initializing within an existing Firebase project directory

[debug] [2025-07-15T03:03:22.082Z] ExitPromptError: User force closed the prompt with SIGINT
    at Interface.sigint (C:\Users\oscar\.nvm\versions\node\v22.17.0\bin\node_modules\firebase-tools\node_modules\@inquirer\core\dist\commonjs\lib\create-prompt.js:101:37)
    at Interface.emit (node:events:518:28)
    at Interface.emit (node:domain:489:12)
    at [_ttyWrite] [as _ttyWrite] (node:internal/readline/interface:1132:18)
    at ReadStream.onkeypress (node:internal/readline/interface:271:20)
    at ReadStream.emit (node:events:530:35)
    at ReadStream.emit (node:domain:489:12)
    at emitKeys (node:internal/readline/utils:370:14)
    at emitKeys.next (<anonymous>)
    at ReadStream.onData (node:internal/readline/emitKeypressEvents:64:36)
[error] 
[error] Error: An unexpected error has occurred.
